2024-02-14T21:47:31.318Z info: [1m[43mTrying to Connect Mongo DB ....[49m[22m
2024-02-14T21:47:32.073Z info: [37m[45mConneted To Mongodb Databse ac-0ms6p2z-shard-00-00.ywqaoub.mongodb.net[49m[39m
2024-02-15T13:33:40.624Z info: [1m[43mTrying to Connect Mongo DB ....[49m[22m
2024-02-15T13:33:41.655Z info: [37m[45mConneted To Mongodb Databse ac-0ms6p2z-shard-00-00.ywqaoub.mongodb.net[49m[39m
2024-02-15T13:51:27.778Z info: [1m[43mTrying to Connect Mongo DB ....[49m[22m
2024-02-15T13:51:28.785Z info: [37m[45mConneted To Mongodb Databse ac-0ms6p2z-shard-00-00.ywqaoub.mongodb.net[49m[39m
2024-02-15T13:52:03.174Z info: [1m[43mTrying to Connect Mongo DB ....[49m[22m
2024-02-15T13:52:04.670Z info: [37m[45mConneted To Mongodb Databse ac-0ms6p2z-shard-00-00.ywqaoub.mongodb.net[49m[39m
2024-02-15T13:56:25.569Z info: [1m[43mTrying to Connect Mongo DB ....[49m[22m
2024-02-15T13:56:26.298Z info: [37m[45mConneted To Mongodb Databse ac-0ms6p2z-shard-00-00.ywqaoub.mongodb.net[49m[39m
2024-02-15T13:57:52.753Z info: [1m[43mTrying to Connect Mongo DB ....[49m[22m
2024-02-15T13:57:53.490Z info: [37m[45mConneted To Mongodb Databse ac-0ms6p2z-shard-00-00.ywqaoub.mongodb.net[49m[39m
2024-02-15T13:57:58.193Z info: [1m[43mTrying to Connect Mongo DB ....[49m[22m
2024-02-15T13:57:58.884Z info: [37m[45mConneted To Mongodb Databse ac-0ms6p2z-shard-00-00.ywqaoub.mongodb.net[49m[39m
2024-02-15T13:58:11.357Z info: [1m[43mTrying to Connect Mongo DB ....[49m[22m
2024-02-15T13:58:12.098Z info: [37m[45mConneted To Mongodb Databse ac-0ms6p2z-shard-00-00.ywqaoub.mongodb.net[49m[39m
2024-02-15T13:58:36.586Z info: [1m[43mTrying to Connect Mongo DB ....[49m[22m
2024-02-15T13:58:37.552Z info: [37m[45mConneted To Mongodb Databse ac-0ms6p2z-shard-00-00.ywqaoub.mongodb.net[49m[39m
2024-02-15T13:59:54.711Z info: [1m[43mTrying to Connect Mongo DB ....[49m[22m
2024-02-15T13:59:56.243Z info: [37m[45mConneted To Mongodb Databse ac-0ms6p2z-shard-00-00.ywqaoub.mongodb.net[49m[39m
2024-02-15T14:00:41.689Z info: [1m[43mTrying to Connect Mongo DB ....[49m[22m
2024-02-15T14:00:42.538Z info: [37m[45mConneted To Mongodb Databse ac-0ms6p2z-shard-00-00.ywqaoub.mongodb.net[49m[39m
2024-02-15T14:03:56.271Z info: [1m[43mTrying to Connect Mongo DB ....[49m[22m
2024-02-15T14:03:57.196Z info: [37m[45mConneted To Mongodb Databse ac-0ms6p2z-shard-00-00.ywqaoub.mongodb.net[49m[39m
2024-02-15T14:06:05.551Z info: [1m[43mTrying to Connect Mongo DB ....[49m[22m
2024-02-15T14:06:06.479Z info: [37m[45mConneted To Mongodb Databse ac-0ms6p2z-shard-00-00.ywqaoub.mongodb.net[49m[39m
2024-02-15T14:08:30.575Z info: [1m[43mTrying to Connect Mongo DB ....[49m[22m
2024-02-15T14:08:31.383Z info: [37m[45mConneted To Mongodb Databse ac-0ms6p2z-shard-00-00.ywqaoub.mongodb.net[49m[39m
2024-02-15T14:08:34.911Z info: [1m[43mTrying to Connect Mongo DB ....[49m[22m
2024-02-15T14:08:35.757Z info: [37m[45mConneted To Mongodb Databse ac-0ms6p2z-shard-00-00.ywqaoub.mongodb.net[49m[39m
2024-02-15T14:08:57.700Z info: [1m[43mTrying to Connect Mongo DB ....[49m[22m
2024-02-15T14:08:58.521Z info: [37m[45mConneted To Mongodb Databse ac-0ms6p2z-shard-00-00.ywqaoub.mongodb.net[49m[39m
2024-02-15T14:10:03.295Z info: [1m[43mTrying to Connect Mongo DB ....[49m[22m
2024-02-15T14:10:06.098Z info: [1m[43mTrying to Connect Mongo DB ....[49m[22m
2024-02-15T14:10:07.719Z info: [37m[45mConneted To Mongodb Databse ac-0ms6p2z-shard-00-00.ywqaoub.mongodb.net[49m[39m
2024-02-15T14:10:35.874Z info: [1m[43mTrying to Connect Mongo DB ....[49m[22m
2024-02-15T14:10:36.773Z info: [37m[45mConneted To Mongodb Databse ac-0ms6p2z-shard-00-00.ywqaoub.mongodb.net[49m[39m
2024-02-15T14:13:06.404Z info: [1m[43mTrying to Connect Mongo DB ....[49m[22m
2024-02-15T14:13:07.198Z info: [37m[45mConneted To Mongodb Databse ac-0ms6p2z-shard-00-00.ywqaoub.mongodb.net[49m[39m
2024-02-15T14:16:39.791Z info: [1m[43mTrying to Connect Mongo DB ....[49m[22m
2024-02-15T14:16:40.866Z info: [37m[45mConneted To Mongodb Databse ac-0ms6p2z-shard-00-00.ywqaoub.mongodb.net[49m[39m
2024-02-15T14:17:22.193Z info: [1m[43mTrying to Connect Mongo DB ....[49m[22m
2024-02-15T14:17:22.920Z info: [37m[45mConneted To Mongodb Databse ac-0ms6p2z-shard-00-00.ywqaoub.mongodb.net[49m[39m
2024-02-15T14:19:51.319Z info: [1m[43mTrying to Connect Mongo DB ....[49m[22m
2024-02-15T14:19:52.298Z info: [37m[45mConneted To Mongodb Databse ac-0ms6p2z-shard-00-00.ywqaoub.mongodb.net[49m[39m
2024-02-15T14:20:14.193Z info: [1m[43mTrying to Connect Mongo DB ....[49m[22m
2024-02-15T14:20:14.976Z info: [37m[45mConneted To Mongodb Databse ac-0ms6p2z-shard-00-00.ywqaoub.mongodb.net[49m[39m
2024-02-15T14:22:19.251Z info: [1m[43mTrying to Connect Mongo DB ....[49m[22m
2024-02-15T14:22:20.153Z info: [37m[45mConneted To Mongodb Databse ac-0ms6p2z-shard-00-00.ywqaoub.mongodb.net[49m[39m
2024-02-15T14:23:28.986Z info: [1m[43mTrying to Connect Mongo DB ....[49m[22m
2024-02-15T14:23:30.576Z info: [37m[45mConneted To Mongodb Databse ac-0ms6p2z-shard-00-00.ywqaoub.mongodb.net[49m[39m
2024-02-15T14:23:58.870Z info: [1m[43mTrying to Connect Mongo DB ....[49m[22m
2024-02-15T14:24:01.324Z info: [37m[45mConneted To Mongodb Databse ac-0ms6p2z-shard-00-00.ywqaoub.mongodb.net[49m[39m
2024-02-15T14:24:16.635Z info: [1m[43mTrying to Connect Mongo DB ....[49m[22m
2024-02-15T14:24:17.407Z info: [37m[45mConneted To Mongodb Databse ac-0ms6p2z-shard-00-00.ywqaoub.mongodb.net[49m[39m
2024-02-15T14:24:41.609Z info: [1m[43mTrying to Connect Mongo DB ....[49m[22m
2024-02-15T14:24:42.959Z info: [37m[45mConneted To Mongodb Databse ac-0ms6p2z-shard-00-00.ywqaoub.mongodb.net[49m[39m
2024-02-15T14:24:58.014Z info: [1m[43mTrying to Connect Mongo DB ....[49m[22m
2024-02-15T14:24:59.434Z info: [37m[45mConneted To Mongodb Databse ac-0ms6p2z-shard-00-00.ywqaoub.mongodb.net[49m[39m
2024-02-15T14:25:54.328Z info: [1m[43mTrying to Connect Mongo DB ....[49m[22m
2024-02-15T14:25:55.671Z info: [37m[45mConneted To Mongodb Databse ac-0ms6p2z-shard-00-00.ywqaoub.mongodb.net[49m[39m
2024-02-15T14:26:49.561Z info: [1m[43mTrying to Connect Mongo DB ....[49m[22m
2024-02-15T14:26:50.322Z info: [37m[45mConneted To Mongodb Databse ac-0ms6p2z-shard-00-00.ywqaoub.mongodb.net[49m[39m
2024-02-15T14:27:11.829Z info: [1m[43mTrying to Connect Mongo DB ....[49m[22m
2024-02-15T14:27:12.824Z info: [37m[45mConneted To Mongodb Databse ac-0ms6p2z-shard-00-00.ywqaoub.mongodb.net[49m[39m
2024-02-15T14:27:54.049Z info: [1m[43mTrying to Connect Mongo DB ....[49m[22m
2024-02-15T14:27:55.965Z info: [37m[45mConneted To Mongodb Databse ac-0ms6p2z-shard-00-00.ywqaoub.mongodb.net[49m[39m
2024-02-15T14:29:25.707Z info: [1m[43mTrying to Connect Mongo DB ....[49m[22m
2024-02-15T14:29:26.429Z info: [37m[45mConneted To Mongodb Databse ac-0ms6p2z-shard-00-00.ywqaoub.mongodb.net[49m[39m
2024-02-15T14:29:34.829Z info: [1m[43mTrying to Connect Mongo DB ....[49m[22m
2024-02-15T14:29:36.843Z info: [1m[43mTrying to Connect Mongo DB ....[49m[22m
2024-02-15T14:29:37.676Z info: [37m[45mConneted To Mongodb Databse ac-0ms6p2z-shard-00-00.ywqaoub.mongodb.net[49m[39m
2024-02-15T14:29:44.739Z info: [1m[43mTrying to Connect Mongo DB ....[49m[22m
2024-02-15T14:29:46.073Z info: [37m[45mConneted To Mongodb Databse ac-0ms6p2z-shard-00-00.ywqaoub.mongodb.net[49m[39m
2024-02-15T14:29:51.497Z info: [1m[43mTrying to Connect Mongo DB ....[49m[22m
2024-02-15T14:29:52.783Z info: [37m[45mConneted To Mongodb Databse ac-0ms6p2z-shard-00-00.ywqaoub.mongodb.net[49m[39m
2024-02-15T14:30:42.132Z info: Signup Controller Started
2024-02-15T14:30:42.133Z info: Validation Started
2024-02-15T14:30:42.225Z info: User found:
2024-02-15T14:30:42.227Z info: User with name johndoes@gmail.com not Found
2024-02-15T14:30:42.304Z info: User found:
2024-02-15T14:30:42.305Z info: User with name John not Found
2024-02-15T14:30:42.320Z info: Validation Result
2024-02-15T14:30:42.321Z info: Signup Service Start
2024-02-15T14:30:42.322Z info: Signup Service Called.......................................
2024-02-15T14:30:42.323Z info: Signup Service Hashed Password Start.........
2024-02-15T14:30:42.324Z info: Method : hashPassword() - Create Hash Password
2024-02-15T14:30:42.414Z info: $2b$10$27v2kHjasqOezjvZAJmKp.8ku/sMEGBGWGWJlEZvjhLjMA/3Lzyn.
2024-02-15T14:30:42.415Z info: Method : hashPassword() - Returned Successfull
2024-02-15T14:30:42.431Z info: Signup Service Hashed Password End with info : $2b$10$27v2kHjasqOezjvZAJmKp.8ku/sMEGBGWGWJlEZvjhLjMA/3Lzyn.
2024-02-15T14:30:42.432Z info: Save Into Database start..........
2024-02-15T14:30:42.535Z info: Save Into Database end with info
2024-02-15T14:30:42.536Z info: {
  email: 'johndoes@gmail.com',
  username: 'John',
  password: '$2b$10$27v2kHjasqOezjvZAJmKp.8ku/sMEGBGWGWJlEZvjhLjMA/3Lzyn.',
  role: 'user',
  _id: new ObjectId('65ce20120ff630c6ee47b375'),
  createdAt: 2024-02-15T14:30:42.466Z,
  updatedAt: 2024-02-15T14:30:42.466Z,
  __v: 0
}
2024-02-15T14:30:42.555Z info: User Added Successfully
2024-02-15T14:30:42.557Z info: Signup Service End
2024-02-15T14:30:42.560Z info: User Registration Successfully
2024-02-15T14:31:29.740Z info: [1m[43mTrying to Connect Mongo DB ....[49m[22m
2024-02-15T14:31:30.731Z info: [37m[45mConneted To Mongodb Databse ac-0ms6p2z-shard-00-00.ywqaoub.mongodb.net[49m[39m
2024-02-15T14:31:35.264Z info: Signup Controller Started
2024-02-15T14:31:35.265Z info: Validation Started
2024-02-15T14:31:35.360Z info: User found:
2024-02-15T14:31:35.413Z info: User found:
2024-02-15T14:31:35.414Z info: Validation Result
2024-02-15T15:40:37.081Z info: [1m[43mTrying to Connect Mongo DB ....[49m[22m
2024-02-15T15:40:40.018Z info: [37m[45mConneted To Mongodb Databse ac-0ms6p2z-shard-00-00.ywqaoub.mongodb.net[49m[39m
2024-02-15T15:51:02.608Z info: [1m[43mTrying to Connect Mongo DB ....[49m[22m
2024-02-15T15:51:04.239Z info: [37m[45mConneted To Mongodb Databse ac-0ms6p2z-shard-00-00.ywqaoub.mongodb.net[49m[39m
2024-02-15T15:51:34.144Z info: [1m[43mTrying to Connect Mongo DB ....[49m[22m
2024-02-15T15:51:35.991Z info: [37m[45mConneted To Mongodb Databse ac-0ms6p2z-shard-00-00.ywqaoub.mongodb.net[49m[39m
2024-02-15T15:52:40.880Z info: [1m[43mTrying to Connect Mongo DB ....[49m[22m
2024-02-15T15:52:42.294Z info: [37m[45mConneted To Mongodb Databse ac-0ms6p2z-shard-00-00.ywqaoub.mongodb.net[49m[39m
2024-02-15T15:53:43.391Z info: [1m[43mTrying to Connect Mongo DB ....[49m[22m
2024-02-15T15:53:46.075Z info: [37m[45mConneted To Mongodb Databse ac-0ms6p2z-shard-00-00.ywqaoub.mongodb.net[49m[39m
2024-02-15T15:54:02.777Z info: [1m[43mTrying to Connect Mongo DB ....[49m[22m
2024-02-15T15:54:04.311Z info: [37m[45mConneted To Mongodb Databse ac-0ms6p2z-shard-00-00.ywqaoub.mongodb.net[49m[39m
2024-02-15T15:54:09.964Z info: [1m[43mTrying to Connect Mongo DB ....[49m[22m
2024-02-15T15:54:11.873Z info: [37m[45mConneted To Mongodb Databse ac-0ms6p2z-shard-00-00.ywqaoub.mongodb.net[49m[39m
2024-02-15T15:54:24.710Z info: [1m[43mTrying to Connect Mongo DB ....[49m[22m
2024-02-15T15:54:27.050Z info: [37m[45mConneted To Mongodb Databse ac-0ms6p2z-shard-00-00.ywqaoub.mongodb.net[49m[39m
2024-02-15T15:55:28.971Z info: [42mMethod : validationLog() - Validation Successful[49m
2024-02-15T15:55:28.986Z info: Method : signin() - Check User Info Start
2024-02-15T15:55:29.064Z info: {
  _id: new ObjectId('65cd29dc2db0e890076ed77a'),
  email: 'user1@gmail.com',
  username: 'user1',
  password: '$2b$10$QFQV1xwtjZ60CfVcqYxu.eL6TYQMpy4Wm95flCXI0pLAdYFkFGVay',
  role: 'user',
  createdAt: 2024-02-14T21:00:12.471Z,
  updatedAt: 2024-02-14T21:00:12.471Z,
  __v: 0
}
2024-02-15T15:55:29.069Z info: Method : signin() - Check User Info Start End
2024-02-15T15:55:29.082Z info: Method : signin() - User is Valid
2024-02-15T15:55:29.084Z info: Method: comparePassword() -  Compare Password Funciton is Called
2024-02-15T15:55:29.086Z info: Data From Compare Password ==========>
2024-02-15T15:55:29.088Z info: Method : comparePassword() - Compare Password After Funciton Called
2024-02-15T15:55:29.168Z info: Password Check From Compare Password : 
2024-02-15T15:55:29.169Z info: true
2024-02-15T15:55:29.184Z info: Method : signin() - Password is valid
2024-02-15T15:55:29.188Z info: Method : signin() - JWT Token Creation
2024-02-15T15:55:29.195Z info: Method : signin() - Token Created
2024-02-15T15:55:29.196Z info: Signin Successfull
2024-02-15T15:56:40.469Z info: [1m[43mTrying to Connect Mongo DB ....[49m[22m
2024-02-15T15:56:41.311Z info: [37m[45mConneted To Mongodb Databse ac-0ms6p2z-shard-00-00.ywqaoub.mongodb.net[49m[39m
